<?xml version="1.0" encoding="UTF-8"?>
<testsuite xmlns:xsi="http://www.w3.org/2001/XMLSchema-instance" xsi:noNamespaceSchemaLocation="https://maven.apache.org/surefire/maven-failsafe-plugin/xsd/failsafe-test-report-3.0.xsd" version="3.0" name="org.example.features.search.SearchByKeywordStory" time="39.606" tests="2" errors="0" skipped="0" failures="1">
  <properties>
[...]
</properties>
  <testcase name="searching_by_keyword_banana_should_display_the_corresponding_article" classname="org.example.features.search.SearchByKeywordStory" time="25.061">
    <failure message="&#10;Expected: a collection containing a string containing &quot;An edible fruit produced by the pear tree, similar to an apple but elongated towards the stem.&quot;&#10;     but: was &quot;An edible fruit produced by the pear tree, similar to an apple but typically elongated towards the stem.&quot;, was &quot;A type of fruit tree (Pyrus communis). synonym ▲&#10;Synonym: pear tree&quot;, was &quot;The wood of the pear tree (pearwood, pear wood).&quot;, was &quot;Choke pear (a torture device).&quot;, was &quot;(Jamaica) avocado, alligator pear&quot;, was &quot;A desaturated chartreuse yellow colour, like that of a pear.&#10;pear:  &quot;" type="java.lang.AssertionError"><![CDATA[java.lang.AssertionError: 

Expected: a collection containing a string containing "An edible fruit produced by the pear tree, similar to an apple but elongated towards the stem."
     but: was "An edible fruit produced by the pear tree, similar to an apple but typically elongated towards the stem.", was "A type of fruit tree (Pyrus communis). synonym ▲
Synonym: pear tree", was "The wood of the pear tree (pearwood, pear wood).", was "Choke pear (a torture device).", was "(Jamaica) avocado, alligator pear", was "A desaturated chartreuse yellow colour, like that of a pear.
pear:  "
	at org.example.features.search.SearchByKeywordStory.searching_by_keyword_banana_should_display_the_corresponding_article(SearchByKeywordStory.java:37)
]]></failure>
    <system-err><![CDATA[[main] INFO  - 

-------------------------------------------------------------------------------------
     _______. _______ .______       _______ .__   __.  __  .___________.____    ____ 
    /       ||   ____||   _  \     |   ____||  \ |  | |  | |           |\   \  /   / 
   |   (----`|  |__   |  |_)  |    |  |__   |   \|  | |  | `---|  |----` \   \/   /  
    \   \    |   __|  |      /     |   __|  |  . `  | |  |     |  |       \_    _/   
.----)   |   |  |____ |  |\  \----.|  |____ |  |\   | |  |     |  |         |  |     
|_______/    |_______|| _| `._____||_______||__| \__| |__|     |__|         |__|    
                                                                                     
 News and tutorials at http://www.serenity-bdd.info                                  
 Documentation at https://wakaleo.gitbooks.io/the-serenity-book/content/             
 Join the Serenity Community on Gitter: https://gitter.im/serenity-bdd/serenity-core 
 Serenity BDD Support and Training at http://serenity-bdd.info/#/trainingandsupport  
-------------------------------------------------------------------------------------

[main] INFO  - Test Suite Started: Search by keyword story
[main] INFO  - 
 _____ _____ ____ _____   ____ _____  _    ____ _____ _____ ____  
|_   _| ____/ ___|_   _| / ___|_   _|/ \  |  _ \_   _| ____|  _ \ 
  | | |  _| \___ \ | |   \___ \ | | / _ \ | |_) || | |  _| | | | |
  | | | |___ ___) || |    ___) || |/ ___ \|  _ < | | | |___| |_| |
  |_| |_____|____/ |_|   |____/ |_/_/   \_\_| \_\|_| |_____|____/ 

searching_by_keyword_banana_should_display_the_corresponding_article
-------------------------------------------------------------------
[main] INFO net.serenitybdd.core.webdriver.driverproviders.ChromeDriverProvider - Using automatically driver download
[main] INFO io.github.bonigarcia.wdm.WebDriverManager - Using chromedriver 113.0.5672.63 (since Chrome 113 is installed in your machine)
[main] INFO io.github.bonigarcia.wdm.WebDriverManager - Exporting webdriver.chrome.driver as /Users/davidtruta/.m2/repository/webdriver/chromedriver/mac64/113.0.5672.63/chromedriver
[main] INFO net.serenitybdd.core.webdriver.driverproviders.ProvideNewDriver - Instantiating driver
[main] INFO net.serenitybdd.core.webdriver.driverproviders.ProvideNewDriver - Driver capabilities: Capabilities {acceptInsecureCerts: false, browserName: chrome, goog:chromeOptions: {args: [], extensions: []}, loggingPrefs: org.openqa.selenium.logging...}
Starting ChromeDriver 113.0.5672.63 (0e1a4471d5ae5bf128b1bd8f4d627c8cbd55f70c-refs/branch-heads/5672@{#912}) on port 27564
Only local connections are allowed.
Please see https://chromedriver.chromium.org/security-considerations for suggestions on keeping ChromeDriver safe.
ChromeDriver was started successfully.
May 12, 2023 6:47:14 PM org.openqa.selenium.remote.ProtocolHandshake createSession
INFO: Detected dialect: W3C
]]></system-err>
  </testcase>
  <testcase name="searching_by_keyword_apple_should_display_the_corresponding_article" classname="org.example.features.search.SearchByKeywordStory" time="10.547">
    <system-err><![CDATA[[main] ERROR  - 
           __  _____ _____ ____ _____   _____ _    ___ _     _____ ____  
  _       / / |_   _| ____/ ___|_   _| |  ___/ \  |_ _| |   | ____|  _ \ 
 (_)_____| |    | | |  _| \___ \ | |   | |_ / _ \  | || |   |  _| | | | |
  _|_____| |    | | | |___ ___) || |   |  _/ ___ \ | || |___| |___| |_| |
 (_)     | |    |_| |_____|____/ |_|   |_|/_/   \_\___|_____|_____|____/ 
          \_\                                                            

Searching by keyword banana should display the corresponding article
--------------------------------------------------------------------------
[main] ERROR  -     Test failed at step: Should see definition: An edible fruit produced by the pear tree, similar to an apple but elongated towards the stem.
[main] ERROR  -     Expected: a collection containing a string containing "An edible fruit produced by the pear tree, similar to an apple but elongated towards the stem." but: was "An edible fruit produced by the pear tree, similar to an apple but typically elongated towards the stem.", was "A type of fruit tree (Pyrus communis). synonym ▲Synonym: pear tree", was "The wood of the pear tree (pearwood, pear wood).", was "Choke pear (a torture device).", was "(Jamaica) avocado, alligator pear", was "A desaturated chartreuse yellow colour, like that of a pear.pear:  "
[main] INFO  - 
 _____ _____ ____ _____   ____ _____  _    ____ _____ _____ ____  
|_   _| ____/ ___|_   _| / ___|_   _|/ \  |  _ \_   _| ____|  _ \ 
  | | |  _| \___ \ | |   \___ \ | | / _ \ | |_) || | |  _| | | | |
  | | | |___ ___) || |    ___) || |/ ___ \|  _ < | | | |___| |_| |
  |_| |_____|____/ |_|   |____/ |_/_/   \_\_| \_\|_| |_____|____/ 

searching_by_keyword_apple_should_display_the_corresponding_article
-------------------------------------------------------------------
]]></system-err>
  </testcase>
</testsuite>