<?xml version="1.0" encoding="UTF-8"?>
<testsuite xmlns:xsi="http://www.w3.org/2001/XMLSchema-instance" xsi:noNamespaceSchemaLocation="https://maven.apache.org/surefire/maven-surefire-plugin/xsd/surefire-test-report.xsd" name="Lecture02MaxPointsParticipantsMV.AppTest" time="0.343" tests="4" errors="0" skipped="0" failures="0">
  <properties>
[...]
</properties>
  <testcase name="shouldAnswerWithTrue" classname="Lecture02MaxPointsParticipantsMV.AppTest" time="0.011"/>
  <testcase name="tc_4_AllParticipantsMax" classname="Lecture02MaxPointsParticipantsMV.AppTest" time="0.025"/>
  <testcase name="tc_20_ParticipantsWith99Points" classname="Lecture02MaxPointsParticipantsMV.AppTest" time="0.01"/>
  <testcase name="tc_3_AllParticipantsOnlyOne" classname="Lecture02MaxPointsParticipantsMV.AppTest" time="0.015"/>
</testsuite>